{"/home/alexander/HexletProjects/page loader/src/index.js": {"path":"/home/alexander/HexletProjects/page loader/src/index.js","statementMap":{"0":{"start":{"line":1,"column":0},"end":{"line":1,"column":26}},"1":{"start":{"line":2,"column":0},"end":{"line":2,"column":24}},"2":{"start":{"line":3,"column":0},"end":{"line":3,"column":36}},"3":{"start":{"line":4,"column":0},"end":{"line":4,"column":30}},"4":{"start":{"line":5,"column":0},"end":{"line":5,"column":26}},"5":{"start":{"line":6,"column":0},"end":{"line":6,"column":26}},"6":{"start":{"line":7,"column":0},"end":{"line":7,"column":41}},"7":{"start":{"line":8,"column":0},"end":{"line":8,"column":0}},"8":{"start":{"line":9,"column":0},"end":{"line":9,"column":12}},"9":{"start":{"line":10,"column":0},"end":{"line":10,"column":24}},"10":{"start":{"line":11,"column":0},"end":{"line":11,"column":58}},"11":{"start":{"line":12,"column":0},"end":{"line":12,"column":4}},"12":{"start":{"line":13,"column":0},"end":{"line":13,"column":27}},"13":{"start":{"line":14,"column":0},"end":{"line":14,"column":8}},"14":{"start":{"line":15,"column":0},"end":{"line":15,"column":58}},"15":{"start":{"line":16,"column":0},"end":{"line":16,"column":36}},"16":{"start":{"line":17,"column":0},"end":{"line":17,"column":6}},"17":{"start":{"line":18,"column":0},"end":{"line":18,"column":4}},"18":{"start":{"line":19,"column":0},"end":{"line":19,"column":3}},"19":{"start":{"line":20,"column":0},"end":{"line":20,"column":0}},"20":{"start":{"line":21,"column":0},"end":{"line":21,"column":18}},"21":{"start":{"line":22,"column":0},"end":{"line":22,"column":23}},"22":{"start":{"line":23,"column":0},"end":{"line":23,"column":17}},"23":{"start":{"line":24,"column":0},"end":{"line":24,"column":0}},"24":{"start":{"line":25,"column":0},"end":{"line":25,"column":14}},"25":{"start":{"line":26,"column":0},"end":{"line":26,"column":16}},"26":{"start":{"line":27,"column":0},"end":{"line":27,"column":13}},"27":{"start":{"line":28,"column":0},"end":{"line":28,"column":15}},"28":{"start":{"line":29,"column":0},"end":{"line":29,"column":2}},"29":{"start":{"line":30,"column":0},"end":{"line":30,"column":0}},"30":{"start":{"line":31,"column":0},"end":{"line":31,"column":39}},"31":{"start":{"line":32,"column":0},"end":{"line":32,"column":0}},"32":{"start":{"line":33,"column":0},"end":{"line":33,"column":38}},"33":{"start":{"line":34,"column":0},"end":{"line":34,"column":43}},"34":{"start":{"line":35,"column":0},"end":{"line":35,"column":42}},"35":{"start":{"line":36,"column":0},"end":{"line":36,"column":16}},"36":{"start":{"line":37,"column":0},"end":{"line":37,"column":96}},"37":{"start":{"line":38,"column":0},"end":{"line":38,"column":18}},"38":{"start":{"line":39,"column":0},"end":{"line":39,"column":2}},"39":{"start":{"line":40,"column":0},"end":{"line":40,"column":0}},"40":{"start":{"line":41,"column":0},"end":{"line":41,"column":94}},"41":{"start":{"line":42,"column":0},"end":{"line":42,"column":0}},"42":{"start":{"line":43,"column":0},"end":{"line":43,"column":75}},"43":{"start":{"line":44,"column":0},"end":{"line":44,"column":0}},"44":{"start":{"line":45,"column":0},"end":{"line":45,"column":30}},"45":{"start":{"line":46,"column":0},"end":{"line":46,"column":59}},"46":{"start":{"line":47,"column":0},"end":{"line":47,"column":75}},"47":{"start":{"line":48,"column":0},"end":{"line":48,"column":50}},"48":{"start":{"line":49,"column":0},"end":{"line":49,"column":2}},"49":{"start":{"line":50,"column":0},"end":{"line":50,"column":0}},"50":{"start":{"line":51,"column":0},"end":{"line":51,"column":44}},"51":{"start":{"line":52,"column":0},"end":{"line":52,"column":70}},"52":{"start":{"line":53,"column":0},"end":{"line":53,"column":0}},"53":{"start":{"line":54,"column":0},"end":{"line":54,"column":37}},"54":{"start":{"line":55,"column":0},"end":{"line":55,"column":65}},"55":{"start":{"line":56,"column":0},"end":{"line":56,"column":39}},"56":{"start":{"line":57,"column":0},"end":{"line":57,"column":21}},"57":{"start":{"line":58,"column":0},"end":{"line":58,"column":35}},"58":{"start":{"line":59,"column":0},"end":{"line":59,"column":61}},"59":{"start":{"line":60,"column":0},"end":{"line":60,"column":43}},"60":{"start":{"line":61,"column":0},"end":{"line":61,"column":36}},"61":{"start":{"line":62,"column":0},"end":{"line":62,"column":87}},"62":{"start":{"line":63,"column":0},"end":{"line":63,"column":27}},"63":{"start":{"line":64,"column":0},"end":{"line":64,"column":9}},"64":{"start":{"line":65,"column":0},"end":{"line":65,"column":10}},"65":{"start":{"line":66,"column":0},"end":{"line":66,"column":15}},"66":{"start":{"line":67,"column":0},"end":{"line":67,"column":6}},"67":{"start":{"line":68,"column":0},"end":{"line":68,"column":18}},"68":{"start":{"line":69,"column":0},"end":{"line":69,"column":39}},"69":{"start":{"line":70,"column":0},"end":{"line":70,"column":7}},"70":{"start":{"line":71,"column":0},"end":{"line":71,"column":2}},"71":{"start":{"line":72,"column":0},"end":{"line":72,"column":0}},"72":{"start":{"line":73,"column":0},"end":{"line":73,"column":41}},"73":{"start":{"line":74,"column":0},"end":{"line":74,"column":47}},"74":{"start":{"line":75,"column":0},"end":{"line":75,"column":61}},"75":{"start":{"line":76,"column":0},"end":{"line":76,"column":2}},"76":{"start":{"line":77,"column":0},"end":{"line":77,"column":0}},"77":{"start":{"line":78,"column":0},"end":{"line":78,"column":41}},"78":{"start":{"line":79,"column":0},"end":{"line":79,"column":31}},"79":{"start":{"line":80,"column":0},"end":{"line":80,"column":26}},"80":{"start":{"line":81,"column":0},"end":{"line":81,"column":14}},"81":{"start":{"line":82,"column":0},"end":{"line":82,"column":37}},"82":{"start":{"line":83,"column":0},"end":{"line":83,"column":17}},"83":{"start":{"line":84,"column":0},"end":{"line":84,"column":34}},"84":{"start":{"line":85,"column":0},"end":{"line":85,"column":20}},"85":{"start":{"line":86,"column":0},"end":{"line":86,"column":27}},"86":{"start":{"line":87,"column":0},"end":{"line":87,"column":29}},"87":{"start":{"line":88,"column":0},"end":{"line":88,"column":26}},"88":{"start":{"line":89,"column":0},"end":{"line":89,"column":22}},"89":{"start":{"line":90,"column":0},"end":{"line":90,"column":40}},"90":{"start":{"line":91,"column":0},"end":{"line":91,"column":12}},"91":{"start":{"line":92,"column":0},"end":{"line":92,"column":98}},"92":{"start":{"line":93,"column":0},"end":{"line":93,"column":40}},"93":{"start":{"line":94,"column":0},"end":{"line":94,"column":9}},"94":{"start":{"line":95,"column":0},"end":{"line":95,"column":6}},"95":{"start":{"line":96,"column":0},"end":{"line":96,"column":12}},"96":{"start":{"line":97,"column":0},"end":{"line":97,"column":2}},"97":{"start":{"line":98,"column":0},"end":{"line":98,"column":0}},"98":{"start":{"line":99,"column":0},"end":{"line":99,"column":51}},"99":{"start":{"line":100,"column":0},"end":{"line":100,"column":78}},"100":{"start":{"line":101,"column":0},"end":{"line":101,"column":75}},"101":{"start":{"line":102,"column":0},"end":{"line":102,"column":26}},"102":{"start":{"line":103,"column":0},"end":{"line":103,"column":40}},"103":{"start":{"line":104,"column":0},"end":{"line":104,"column":46}},"104":{"start":{"line":105,"column":0},"end":{"line":105,"column":45}},"105":{"start":{"line":106,"column":0},"end":{"line":106,"column":2}}},"s":{"0":1,"1":1,"2":1,"3":1,"4":1,"5":1,"6":1,"7":1,"8":1,"9":1,"10":4,"11":1,"12":1,"13":3,"14":3,"15":3,"16":3,"17":1,"18":1,"19":1,"20":1,"21":1,"22":1,"23":1,"24":1,"25":1,"26":1,"27":1,"28":1,"29":1,"30":1,"31":1,"32":1,"33":6,"34":6,"35":6,"36":6,"37":6,"38":1,"39":1,"40":1,"41":1,"42":1,"43":1,"44":1,"45":2,"46":2,"47":2,"48":1,"49":1,"50":1,"51":1,"52":1,"53":1,"54":1,"55":1,"56":1,"57":1,"58":1,"59":1,"60":1,"61":1,"62":1,"63":1,"64":1,"65":1,"66":1,"67":1,"68":1,"69":1,"70":1,"71":1,"72":1,"73":1,"74":1,"75":1,"76":1,"77":1,"78":1,"79":1,"80":1,"81":1,"82":1,"83":1,"84":1,"85":1,"86":1,"87":1,"88":1,"89":1,"90":1,"91":1,"92":1,"93":1,"94":1,"95":1,"96":1,"97":1,"98":1,"99":3,"100":3,"101":3,"102":3,"103":3,"104":3,"105":1},"branchMap":{"0":{"type":"branch","line":1,"loc":{"start":{"line":1,"column":0},"end":{"line":106,"column":2}},"locations":[{"start":{"line":1,"column":0},"end":{"line":106,"column":2}}]},"1":{"type":"branch","line":10,"loc":{"start":{"line":10,"column":2},"end":{"line":12,"column":3}},"locations":[{"start":{"line":10,"column":2},"end":{"line":12,"column":3}}]},"2":{"type":"branch","line":13,"loc":{"start":{"line":13,"column":2},"end":{"line":18,"column":3}},"locations":[{"start":{"line":13,"column":2},"end":{"line":18,"column":3}}]},"3":{"type":"branch","line":33,"loc":{"start":{"line":33,"column":28},"end":{"line":39,"column":1}},"locations":[{"start":{"line":33,"column":28},"end":{"line":39,"column":1}}]},"4":{"type":"branch","line":37,"loc":{"start":{"line":37,"column":32},"end":{"line":37,"column":90}},"locations":[{"start":{"line":37,"column":32},"end":{"line":37,"column":90}}]},"5":{"type":"branch","line":37,"loc":{"start":{"line":37,"column":59},"end":{"line":37,"column":70}},"locations":[{"start":{"line":37,"column":59},"end":{"line":37,"column":70}}]},"6":{"type":"branch","line":37,"loc":{"start":{"line":37,"column":71},"end":{"line":37,"column":89}},"locations":[{"start":{"line":37,"column":71},"end":{"line":37,"column":89}}]},"7":{"type":"branch","line":41,"loc":{"start":{"line":41,"column":16},"end":{"line":41,"column":93}},"locations":[{"start":{"line":41,"column":16},"end":{"line":41,"column":93}}]},"8":{"type":"branch","line":43,"loc":{"start":{"line":43,"column":30},"end":{"line":43,"column":74}},"locations":[{"start":{"line":43,"column":30},"end":{"line":43,"column":74}}]},"9":{"type":"branch","line":45,"loc":{"start":{"line":45,"column":20},"end":{"line":49,"column":1}},"locations":[{"start":{"line":45,"column":20},"end":{"line":49,"column":1}}]},"10":{"type":"branch","line":48,"loc":{"start":{"line":48,"column":25},"end":{"line":48,"column":38}},"locations":[{"start":{"line":48,"column":25},"end":{"line":48,"column":38}}]},"11":{"type":"branch","line":47,"loc":{"start":{"line":47,"column":46},"end":{"line":47,"column":63}},"locations":[{"start":{"line":47,"column":46},"end":{"line":47,"column":63}}]},"12":{"type":"branch","line":51,"loc":{"start":{"line":51,"column":21},"end":{"line":52,"column":69}},"locations":[{"start":{"line":51,"column":21},"end":{"line":52,"column":69}}]},"13":{"type":"branch","line":52,"loc":{"start":{"line":52,"column":8},"end":{"line":52,"column":68}},"locations":[{"start":{"line":52,"column":8},"end":{"line":52,"column":68}}]},"14":{"type":"branch","line":54,"loc":{"start":{"line":54,"column":30},"end":{"line":71,"column":1}},"locations":[{"start":{"line":54,"column":30},"end":{"line":71,"column":1}}]},"15":{"type":"branch","line":57,"loc":{"start":{"line":57,"column":10},"end":{"line":67,"column":5}},"locations":[{"start":{"line":57,"column":10},"end":{"line":67,"column":5}}]},"16":{"type":"branch","line":59,"loc":{"start":{"line":59,"column":28},"end":{"line":65,"column":8}},"locations":[{"start":{"line":59,"column":28},"end":{"line":65,"column":8}}]},"17":{"type":"branch","line":59,"loc":{"start":{"line":59,"column":49},"end":{"line":65,"column":7}},"locations":[{"start":{"line":59,"column":49},"end":{"line":65,"column":7}}]},"18":{"type":"branch","line":68,"loc":{"start":{"line":68,"column":10},"end":{"line":70,"column":5}},"locations":[{"start":{"line":68,"column":10},"end":{"line":70,"column":5}}]},"19":{"type":"branch","line":73,"loc":{"start":{"line":73,"column":24},"end":{"line":76,"column":1}},"locations":[{"start":{"line":73,"column":24},"end":{"line":76,"column":1}}]},"20":{"type":"branch","line":75,"loc":{"start":{"line":75,"column":19},"end":{"line":75,"column":59}},"locations":[{"start":{"line":75,"column":19},"end":{"line":75,"column":59}}]},"21":{"type":"branch","line":78,"loc":{"start":{"line":78,"column":26},"end":{"line":97,"column":1}},"locations":[{"start":{"line":78,"column":26},"end":{"line":97,"column":1}}]},"22":{"type":"branch","line":83,"loc":{"start":{"line":83,"column":10},"end":{"line":95,"column":5}},"locations":[{"start":{"line":83,"column":10},"end":{"line":95,"column":5}}]},"23":{"type":"branch","line":84,"loc":{"start":{"line":84,"column":23},"end":{"line":94,"column":7}},"locations":[{"start":{"line":84,"column":23},"end":{"line":94,"column":7}}]},"24":{"type":"branch","line":87,"loc":{"start":{"line":87,"column":16},"end":{"line":92,"column":97}},"locations":[{"start":{"line":87,"column":16},"end":{"line":92,"column":97}}]},"25":{"type":"branch","line":92,"loc":{"start":{"line":92,"column":18},"end":{"line":92,"column":96}},"locations":[{"start":{"line":92,"column":18},"end":{"line":92,"column":96}}]},"26":{"type":"branch","line":99,"loc":{"start":{"line":99,"column":15},"end":{"line":106,"column":1}},"locations":[{"start":{"line":99,"column":15},"end":{"line":106,"column":1}}]},"27":{"type":"branch","line":103,"loc":{"start":{"line":103,"column":10},"end":{"line":103,"column":39}},"locations":[{"start":{"line":103,"column":10},"end":{"line":103,"column":39}}]},"28":{"type":"branch","line":104,"loc":{"start":{"line":104,"column":10},"end":{"line":104,"column":45}},"locations":[{"start":{"line":104,"column":10},"end":{"line":104,"column":45}}]},"29":{"type":"branch","line":105,"loc":{"start":{"line":105,"column":10},"end":{"line":105,"column":43}},"locations":[{"start":{"line":105,"column":10},"end":{"line":105,"column":43}}]}},"b":{"0":[1],"1":[4],"2":[3],"3":[6],"4":[20],"5":[6],"6":[14],"7":[1],"8":[3],"9":[2],"10":[0],"11":[4],"12":[3],"13":[2],"14":[1],"15":[1],"16":[3],"17":[1],"18":[1],"19":[1],"20":[1],"21":[1],"22":[1],"23":[1],"24":[1],"25":[1],"26":[3],"27":[1],"28":[1],"29":[1]},"fnMap":{"0":{"name":"request","decl":{"start":{"line":10,"column":2},"end":{"line":12,"column":3}},"loc":{"start":{"line":10,"column":2},"end":{"line":12,"column":3}},"line":10},"1":{"name":"response","decl":{"start":{"line":13,"column":2},"end":{"line":18,"column":3}},"loc":{"start":{"line":13,"column":2},"end":{"line":18,"column":3}},"line":13},"2":{"name":"createFilenameByUrl","decl":{"start":{"line":33,"column":28},"end":{"line":39,"column":1}},"loc":{"start":{"line":33,"column":28},"end":{"line":39,"column":1}},"line":33},"3":{"name":"isLocal","decl":{"start":{"line":41,"column":16},"end":{"line":41,"column":93}},"loc":{"start":{"line":41,"column":16},"end":{"line":41,"column":93}},"line":41},"4":{"name":"getFilesDirectoryPath","decl":{"start":{"line":43,"column":30},"end":{"line":43,"column":74}},"loc":{"start":{"line":43,"column":30},"end":{"line":43,"column":74}},"line":43},"5":{"name":"getFilename","decl":{"start":{"line":45,"column":20},"end":{"line":49,"column":1}},"loc":{"start":{"line":45,"column":20},"end":{"line":49,"column":1}},"line":45},"6":{"name":"downloadHtml","decl":{"start":{"line":51,"column":21},"end":{"line":52,"column":69}},"loc":{"start":{"line":51,"column":21},"end":{"line":52,"column":69}},"line":51},"7":{"name":"getLinksAndChangeHtml","decl":{"start":{"line":54,"column":30},"end":{"line":71,"column":1}},"loc":{"start":{"line":54,"column":30},"end":{"line":71,"column":1}},"line":54},"8":{"name":"getAbsoluteUrls","decl":{"start":{"line":73,"column":24},"end":{"line":76,"column":1}},"loc":{"start":{"line":73,"column":24},"end":{"line":76,"column":1}},"line":73},"9":{"name":"downloadResources","decl":{"start":{"line":78,"column":26},"end":{"line":97,"column":1}},"loc":{"start":{"line":78,"column":26},"end":{"line":97,"column":1}},"line":78},"10":{"name":"task","decl":{"start":{"line":83,"column":10},"end":{"line":95,"column":5}},"loc":{"start":{"line":83,"column":10},"end":{"line":95,"column":5}},"line":83},"11":{"name":"task","decl":{"start":{"line":87,"column":16},"end":{"line":92,"column":97}},"loc":{"start":{"line":87,"column":16},"end":{"line":92,"column":97}},"line":87},"12":{"name":"default","decl":{"start":{"line":99,"column":15},"end":{"line":106,"column":1}},"loc":{"start":{"line":99,"column":15},"end":{"line":106,"column":1}},"line":99}},"f":{"0":4,"1":3,"2":6,"3":1,"4":3,"5":2,"6":3,"7":1,"8":1,"9":1,"10":1,"11":1,"12":3}}
}
