TN:
SF:src/index.js
FN:10,request
FN:13,response
FN:33,createFilenameByUrl
FN:41,isLocal
FN:43,getFilesDirectoryPath
FN:45,getFilename
FN:51,downloadHtml
FN:54,getLinksAndChangeHtml
FN:73,getAbsoluteUrls
FN:78,downloadResources
FN:83,task
FN:87,task
FN:99,default
FNF:13
FNH:13
FNDA:4,request
FNDA:3,response
FNDA:6,createFilenameByUrl
FNDA:1,isLocal
FNDA:3,getFilesDirectoryPath
FNDA:2,getFilename
FNDA:3,downloadHtml
FNDA:1,getLinksAndChangeHtml
FNDA:1,getAbsoluteUrls
FNDA:1,downloadResources
FNDA:1,task
FNDA:1,task
FNDA:3,default
DA:1,1
DA:2,1
DA:3,1
DA:4,1
DA:5,1
DA:6,1
DA:7,1
DA:8,1
DA:9,1
DA:10,1
DA:11,4
DA:12,1
DA:13,1
DA:14,3
DA:15,3
DA:16,3
DA:17,3
DA:18,1
DA:19,1
DA:20,1
DA:21,1
DA:22,1
DA:23,1
DA:24,1
DA:25,1
DA:26,1
DA:27,1
DA:28,1
DA:29,1
DA:30,1
DA:31,1
DA:32,1
DA:33,1
DA:34,6
DA:35,6
DA:36,6
DA:37,6
DA:38,6
DA:39,1
DA:40,1
DA:41,1
DA:42,1
DA:43,1
DA:44,1
DA:45,1
DA:46,2
DA:47,2
DA:48,2
DA:49,1
DA:50,1
DA:51,1
DA:52,1
DA:53,1
DA:54,1
DA:55,1
DA:56,1
DA:57,1
DA:58,1
DA:59,1
DA:60,1
DA:61,1
DA:62,1
DA:63,1
DA:64,1
DA:65,1
DA:66,1
DA:67,1
DA:68,1
DA:69,1
DA:70,1
DA:71,1
DA:72,1
DA:73,1
DA:74,1
DA:75,1
DA:76,1
DA:77,1
DA:78,1
DA:79,1
DA:80,1
DA:81,1
DA:82,1
DA:83,1
DA:84,1
DA:85,1
DA:86,1
DA:87,1
DA:88,1
DA:89,1
DA:90,1
DA:91,1
DA:92,1
DA:93,1
DA:94,1
DA:95,1
DA:96,1
DA:97,1
DA:98,1
DA:99,1
DA:100,3
DA:101,3
DA:102,3
DA:103,3
DA:104,3
DA:105,3
DA:106,1
LF:106
LH:106
BRDA:1,0,0,1
BRDA:10,1,0,4
BRDA:13,2,0,3
BRDA:33,3,0,6
BRDA:37,4,0,20
BRDA:37,5,0,6
BRDA:37,6,0,14
BRDA:41,7,0,1
BRDA:43,8,0,3
BRDA:45,9,0,2
BRDA:48,10,0,0
BRDA:47,11,0,4
BRDA:51,12,0,3
BRDA:52,13,0,2
BRDA:54,14,0,1
BRDA:57,15,0,1
BRDA:59,16,0,3
BRDA:59,17,0,1
BRDA:68,18,0,1
BRDA:73,19,0,1
BRDA:75,20,0,1
BRDA:78,21,0,1
BRDA:83,22,0,1
BRDA:84,23,0,1
BRDA:87,24,0,1
BRDA:92,25,0,1
BRDA:99,26,0,3
BRDA:103,27,0,1
BRDA:104,28,0,1
BRDA:105,29,0,1
BRF:30
BRH:29
end_of_record
